<?xml version="1.0" encoding="UTF-8"?>
<testng-results skipped="0" failed="0" ignored="0" total="1" passed="1">
  <reporter-output>
  </reporter-output>
  <suite name="Default suite" duration-ms="26564" started-at="2019-06-17T14:48:53Z" finished-at="2019-06-17T14:49:19Z">
    <groups>
    </groups>
    <test name="Default test" duration-ms="26564" started-at="2019-06-17T14:48:53Z" finished-at="2019-06-17T14:49:19Z">
      <class name="googleimagesearch.ImageSearch">
        <test-method status="PASS" signature="launchBrowser()[pri:0, instance:googleimagesearch.ImageSearch@4b9e13df]" name="launchBrowser" is-config="true" duration-ms="24811" started-at="2019-06-17T14:48:53Z" finished-at="2019-06-17T14:49:18Z">
          <reporter-output>
          </reporter-output>
        </test-method> <!-- launchBrowser -->
        <test-method status="PASS" signature="verifyTitle()[pri:0, instance:googleimagesearch.ImageSearch@4b9e13df]" name="verifyTitle" duration-ms="1525" started-at="2019-06-17T14:49:18Z" finished-at="2019-06-17T14:49:19Z">
          <reporter-output>
          </reporter-output>
        </test-method> <!-- verifyTitle -->
        <test-method status="PASS" signature="terminateBrowser()[pri:0, instance:googleimagesearch.ImageSearch@4b9e13df]" name="terminateBrowser" is-config="true" duration-ms="152" started-at="2019-06-17T14:49:19Z" finished-at="2019-06-17T14:49:19Z">
          <reporter-output>
          </reporter-output>
        </test-method> <!-- terminateBrowser -->
      </class> <!-- googleimagesearch.ImageSearch -->
    </test> <!-- Default test -->
  </suite> <!-- Default suite -->
</testng-results>
